WM_NULL
WM_CREATE
WM_DESTROY
WM_MOVE
WM_SIZE
WM_ACTIVATE
WM_SETFOCUS
WM_KILLFOCUS
WM_ENABLE
WM_SETREDRAW
WM_SETTEXT
WM_GETTEXT
WM_GETTEXTLENGTH
WM_PAINT
WM_CLOSE
WM_QUERYENDSESSION
WM_QUIT
WM_QUERYOPEN
WM_ERASEBKGND
WM_SYSCOLORCHANGE
WM_ENDSESSION
WM_SYSTEMERROR
WM_SHOWWINDOW
WM_CTLCOLOR
WM_WININICHANGE
WM_SETTINGCHANGE
WM_DEVMODECHANGE
WM_ACTIVATEAPP
WM_FONTCHANGE
WM_TIMECHANGE
WM_CANCELMODE
WM_SETCURSOR
WM_MOUSEACTIVATE
WM_CHILDACTIVATE
WM_QUEUESYNC
WM_GETMINMAXINFO
WM_PAINTICON
WM_ICONERASEBKGND
WM_NEXTDLGCTL
WM_SPOOLERSTATUS
WM_DRAWITEM
WM_MEASUREITEM
WM_DELETEITEM
WM_VKEYTOITEM
WM_CHARTOITEM
WM_SETFONT
WM_GETFONT
WM_SETHOTKEY
WM_GETHOTKEY
WM_QUERYDRAGICON
WM_COMPAREITEM
WM_COMPACTING
WM_COMMNOTIFY
WM_WINDOWPOSCHANGING
WM_WINDOWPOSCHANGED
WM_POWER
WM_COPYDATA
WM_CANCELJOURNAL
WM_NOTIFY
WM_INPUTLANGCHANGEREQUEST
WM_INPUTLANGCHANGE
WM_TCARD
WM_HELP
WM_USERCHANGED
WM_NOTIFYFORMAT
WM_CONTEXTMENU
WM_STYLECHANGING
WM_STYLECHANGED
WM_DISPLAYCHANGE
WM_GETICON
WM_SETICON
WM_NCCREATE
WM_NCDESTROY
WM_NCCALCSIZE
WM_NCHITTEST
WM_NCPAINT
WM_NCACTIVATE
WM_GETDLGCODE
WM_NCMOUSEMOVE
WM_NCLBUTTONDOWN
WM_NCLBUTTONUP
WM_NCLBUTTONDBLCLK
WM_NCRBUTTONDOWN
WM_NCRBUTTONUP
WM_NCRBUTTONDBLCLK
WM_NCMBUTTONDOWN
WM_NCMBUTTONUP
WM_NCMBUTTONDBLCLK
WM_KEYFIRST
WM_KEYDOWN
WM_KEYUP
WM_CHAR
WM_DEADCHAR
WM_SYSKEYDOWN
WM_SYSKEYUP
WM_SYSCHAR
WM_SYSDEADCHAR
WM_KEYLAST
WM_INITDIALOG
WM_COMMAND
WM_SYSCOMMAND
WM_TIMER
WM_HSCROLL
WM_VSCROLL
WM_INITMENU
WM_INITMENUPOPUP
WM_MENUSELECT
WM_MENUCHAR
WM_ENTERIDLE
WM_CTLCOLORMSGBOX
WM_CTLCOLOREDIT
WM_CTLCOLORLISTBOX
WM_CTLCOLORBTN
WM_CTLCOLORDLG
WM_CTLCOLORSCROLLBAR
WM_CTLCOLORSTATIC
WM_MOUSEFIRST
WM_MOUSEMOVE
WM_LBUTTONDOWN
WM_LBUTTONUP
WM_LBUTTONDBLCLK
WM_RBUTTONDOWN
WM_RBUTTONUP
WM_RBUTTONDBLCLK
WM_MBUTTONDOWN
WM_MBUTTONUP
WM_MBUTTONDBLCLK
WM_MOUSEWHEEL
WM_MOUSELAST
WM_PARENTNOTIFY
WM_ENTERMENULOOP
WM_EXITMENULOOP
WM_NEXTMENU
WM_SIZING
WM_CAPTURECHANGED
WM_MOVING
WM_POWERBROADCAST
WM_DEVICECHANGE
WM_IME_STARTCOMPOSITION
WM_IME_ENDCOMPOSITION
WM_IME_COMPOSITION
WM_IME_KEYLAST
WM_IME_SETCONTEXT
WM_IME_NOTIFY
WM_IME_CONTROL
WM_IME_COMPOSITIONFULL
WM_IME_SELECT
WM_IME_CHAR
WM_IME_KEYDOWN
WM_IME_KEYUP
WM_MDICREATE
WM_MDIDESTROY
WM_MDIACTIVATE
WM_MDIRESTORE
WM_MDINEXT
WM_MDIMAXIMIZE
WM_MDITILE
WM_MDICASCADE
WM_MDIICONARRANGE
WM_MDIGETACTIVE
WM_MDISETMENU
WM_ENTERSIZEMOVE
WM_EXITSIZEMOVE
WM_DROPFILES
WM_MDIREFRESHMENU
WM_MOUSEHOVER
WM_MOUSELEAVE
WM_CUT
WM_COPY
WM_PASTE
WM_CLEAR
WM_UNDO
WM_RENDERFORMAT
WM_RENDERALLFORMATS
WM_DESTROYCLIPBOARD
WM_DRAWCLIPBOARD
WM_PAINTCLIPBOARD
WM_VSCROLLCLIPBOARD
WM_SIZECLIPBOARD
WM_ASKCBFORMATNAME
WM_CHANGECBCHAIN
WM_HSCROLLCLIPBOARD
WM_QUERYNEWPALETTE
WM_PALETTEISCHANGING
WM_PALETTECHANGED
WM_HOTKEY
WM_PRINT
WM_PRINTCLIENT
WM_HANDHELDFIRST
WM_HANDHELDLAST
WM_PENWINFIRST
WM_PENWINLAST
WM_COALESCE_FIRST
WM_COALESCE_LAST
WM_DDE_FIRST
WM_DDE_INITIATE
WM_DDE_TERMINATE
WM_DDE_ADVISE
WM_DDE_UNADVISE
WM_DDE_ACK
WM_DDE_DATA
WM_DDE_REQUEST
WM_DDE_POKE
WM_DDE_EXECUTE
WM_DDE_LAST
WM_APP
WM_USER
BM_GETCHECK
BM_SETCHECK
BM_GETSTATE
BM_SETSTATE
BM_SETSTYLE
BM_CLICK
BM_GETIMAGE
BM_SETIMAGE
LB_ADDSTRING
LB_INSERTSTRING
LB_DELETESTRING
LB_SELITEMRANGEEX
LB_RESETCONTENT
LB_SETSEL
LB_SETCURSEL
LB_GETSEL
LB_GETCURSEL
LB_GETTEXT
LB_GETTEXTLEN
LB_GETCOUNT
LB_SELECTSTRING
LB_DIR
LB_GETTOPINDEX
LB_FINDSTRING
LB_GETSELCOUNT
LB_GETSELITEMS
LB_SETTABSTOPS
LB_GETHORIZONTALEXTENT
LB_SETHORIZONTALEXTENT
LB_SETCOLUMNWIDTH
LB_ADDFILE
LB_SETTOPINDEX
LB_GETITEMRECT
LB_GETITEMDATA
LB_SETITEMDATA
LB_SELITEMRANGE
LB_SETANCHORINDEX
LB_GETANCHORINDEX
LB_SETCARETINDEX
LB_GETCARETINDEX
LB_SETITEMHEIGHT
LB_GETITEMHEIGHT
LB_FINDSTRINGEXACT
LB_SETLOCALE
LB_GETLOCALE
LB_SETCOUNT
LB_INITSTORAGE
LB_ITEMFROMPOINT
LB_MSGMAX
CB_GETEDITSEL
CB_LIMITTEXT
CB_SETEDITSEL
CB_ADDSTRING
CB_DELETESTRING
CB_DIR
CB_GETCOUNT
CB_GETCURSEL
CB_GETLBTEXT
CB_GETLBTEXTLEN
CB_INSERTSTRING
CB_RESETCONTENT
CB_FINDSTRING
CB_SELECTSTRING
CB_SETCURSEL
CB_SHOWDROPDOWN
CB_GETITEMDATA
CB_SETITEMDATA
CB_GETDROPPEDCONTROLRECT
CB_SETITEMHEIGHT
CB_GETITEMHEIGHT
CB_SETEXTENDEDUI
CB_GETEXTENDEDUI
CB_GETDROPPEDSTATE
CB_FINDSTRINGEXACT
CB_SETLOCALE
CB_GETLOCALE
CB_GETTOPINDEX
CB_SETTOPINDEX
CB_GETHORIZONTALEXTENT
CB_SETHORIZONTALEXTENT
CB_GETDROPPEDWIDTH
CB_SETDROPPEDWIDTH
CB_INITSTORAGE
CB_MSGMAX
EM_GETSEL
EM_SETSEL
EM_GETRECT
EM_SETRECT
EM_SETRECTNP
EM_SCROLL
EM_LINESCROLL
EM_SCROLLCARET
EM_GETMODIFY
EM_SETMODIFY
EM_GETLINECOUNT
EM_LINEINDEX
EM_SETHANDLE
EM_GETHANDLE
EM_GETTHUMB
EM_LINELENGTH
EM_REPLACESEL
EM_GETLINE
EM_LIMITTEXT
EM_CANUNDO
EM_UNDO
EM_FMTLINES
EM_LINEFROMCHAR
EM_SETTABSTOPS
EM_SETPASSWORDCHAR
EM_EMPTYUNDOBUFFER
EM_GETFIRSTVISIBLELINE
EM_SETREADONLY
EM_SETWORDBREAKPROC
EM_GETWORDBREAKPROC
EM_GETPASSWORDCHAR
EM_SETMARGINS
EM_GETMARGINS
EM_SETLIMITTEXT
EM_GETLIMITTEXT
EM_POSFROMCHAR
EM_CHARFROMPOS
SBM_SETPOS
SBM_GETPOS
SBM_SETRANGE
SBM_SETRANGEREDRAW
SBM_GETRANGE
SBM_ENABLE_ARROWS
SBM_SETSCROLLINFO
SBM_GETSCROLLINFO
DM_GETDEFID
DM_SETDEFID
DM_REPOSITION
PSM_PAGEINFO
PSM_SHEETINFO
