[General
ProductName CodeGuard
]
[Files
C:\BC5\BIN\cg16.dll
cg32.dll
bcwcg.dll
cgconfig.exe
cg32help.dll
cghelp.dll
C:\BC5\cgclean.exe
CGREADME.TXT
C:\BC5\EXAMPLES\CODEGARD\LANG\makefile
gpfault.c
zerodiv.c
lang.cpp
lang.ide
C:\BC5\EXAMPLES\CODEGARD\WINAPI\makefile
exceptcg.cpp
filescg.cpp
memcg.cpp
pointcg.cpp
testdll.cpp
winapi.cpp
exceptcg.h
filescg.h
memcg.h
pointcg.h
testdll.h
winapi.ide
winapi.rc
winapi.rh
C:\BC5\HELP\cg5.cnt
cg5.hlp
cg5.toc
help.ico
C:\BC5\LIB\cg16.lib
cg32.lib
C:\WINDOWS\cg5rmv.exe
]
[INI
Section files
Key CG5.HLP 
Value C:\BC5\HELP
File C:\WINDOWS\WINHELP.INI
]
[PMItem CodeGuard Configuration Utility
PMGroup CodeGuard
ShowMin OFF
]
[PMItem CodeGuard Help
PMGroup CodeGuard
ShowMin OFF
]
[Launch
C:\BC5\CGCLEAN.EXE C:\BC5\CG5RMV.LOG
]
